app/build/intermediates/manifest_merge_blame_file/debug/manifest-merger-blame-debug-report.txt
1<?xml version="1.0" encoding="utf-8"?>
2<manifest xmlns:android="http://schemas.android.com/apk/res/android"
3    package="com.google.mlkit.vision.demo"
4    android:installLocation="auto"
5    android:versionCode="11"
6    android:versionName="1.11" >
7    <!--
8 CameraX libraries require minSdkVersion 21, while this quickstart app
9    supports low to 19. Needs to use overrideLibrary to make the merger tool
10    ignore this conflict and import the libraries while keeping the app's lower
11    minSdkVersion value. In code, will check SDK version, before calling CameraX
12    APIs.
13    -->
14    <uses-sdk
14-->src\main\AndroidManifest.xml:11:5-14:63
15        android:minSdkVersion="19"
16        android:targetSdkVersion="31" />
17
18    <uses-feature android:name="android.hardware.camera" />
18-->src\main\AndroidManifest.xml:16:5-59
18-->src\main\AndroidManifest.xml:16:19-57
19
20    <uses-permission android:name="android.permission.INTERNET" />
20-->src\main\AndroidManifest.xml:18:5-66
20-->src\main\AndroidManifest.xml:18:22-64
21    <uses-permission android:name="android.permission.WRITE_EXTERNAL_STORAGE" />
21-->src\main\AndroidManifest.xml:19:5-80
21-->src\main\AndroidManifest.xml:19:22-78
22    <uses-permission android:name="android.permission.READ_EXTERNAL_STORAGE" />
22-->src\main\AndroidManifest.xml:20:5-79
22-->src\main\AndroidManifest.xml:20:22-77
23    <uses-permission android:name="android.permission.CAMERA" />
23-->src\main\AndroidManifest.xml:21:5-64
23-->src\main\AndroidManifest.xml:21:22-62
24
25    <queries>
25-->src\main\AndroidManifest.xml:112:5-116:15
26        <intent>
26-->src\main\AndroidManifest.xml:113:9-115:18
27            <action android:name="android.media.action.IMAGE_CAPTURE" />
27-->src\main\AndroidManifest.xml:114:13-73
27-->src\main\AndroidManifest.xml:114:21-70
28        </intent>
29    </queries>
30
31    <!-- For remote config -->
32    <uses-permission android:name="android.permission.ACCESS_NETWORK_STATE" />
32-->[com.google.mlkit:pose-detection-common:18.0.0-beta3] AndroidManifest.xml:7:5-79
32-->[com.google.mlkit:pose-detection-common:18.0.0-beta3] AndroidManifest.xml:7:22-76
33    <uses-permission android:name="android.permission.WAKE_LOCK" />
33-->[androidx.work:work-runtime:2.7.0] AndroidManifest.xml:25:5-68
33-->[androidx.work:work-runtime:2.7.0] AndroidManifest.xml:25:22-65
34    <uses-permission android:name="android.permission.RECEIVE_BOOT_COMPLETED" />
34-->[androidx.work:work-runtime:2.7.0] AndroidManifest.xml:27:5-81
34-->[androidx.work:work-runtime:2.7.0] AndroidManifest.xml:27:22-78
35    <uses-permission android:name="android.permission.FOREGROUND_SERVICE" />
35-->[androidx.work:work-runtime:2.7.0] AndroidManifest.xml:28:5-77
35-->[androidx.work:work-runtime:2.7.0] AndroidManifest.xml:28:22-74
36
37    <application
37-->src\main\AndroidManifest.xml:23:5-111:19
38        android:name="androidx.multidex.MultiDexApplication"
38-->src\main\AndroidManifest.xml:24:9-61
39        android:appComponentFactory="androidx.core.app.CoreComponentFactory"
39-->[androidx.core:core:1.6.0] AndroidManifest.xml:24:18-86
40        android:debuggable="true"
41        android:extractNativeLibs="true"
42        android:icon="@drawable/logo_mlkit"
42-->src\main\AndroidManifest.xml:25:9-44
43        android:label="@string/app_name"
43-->src\main\AndroidManifest.xml:26:9-41
44        android:testOnly="true"
45        android:theme="@style/Theme.AppCompat" >
45-->src\main\AndroidManifest.xml:27:9-47
46        <meta-data
46-->src\main\AndroidManifest.xml:29:9-31:68
47            android:name="com.google.android.gms.version"
47-->src\main\AndroidManifest.xml:30:13-58
48            android:value="@integer/google_play_services_version" />
48-->src\main\AndroidManifest.xml:31:13-66
49
50        <!--
51          Optional: Add it to automatically download ML model to device after
52          your app is installed.
53        -->
54        <meta-data
54-->src\main\AndroidManifest.xml:35:9-37:113
55            android:name="com.google.mlkit.vision.DEPENDENCIES"
55-->src\main\AndroidManifest.xml:36:13-64
56            android:value="barcode,face,ocr,ocr_chinese,ocr_devanagari,ocr_japanese,ocr_korean,ica,custom_ica" />
56-->src\main\AndroidManifest.xml:37:13-111
57
58        <activity
58-->src\main\AndroidManifest.xml:39:9-47:20
59            android:name="com.google.mlkit.vision.demo.EntryChoiceActivity"
59-->src\main\AndroidManifest.xml:40:13-48
60            android:exported="true"
60-->src\main\AndroidManifest.xml:41:13-36
61            android:theme="@style/AppTheme" >
61-->src\main\AndroidManifest.xml:42:13-44
62            <intent-filter>
62-->src\main\AndroidManifest.xml:43:13-46:29
63                <action android:name="android.intent.action.MAIN" />
63-->src\main\AndroidManifest.xml:44:17-68
63-->src\main\AndroidManifest.xml:44:25-66
64
65                <category android:name="android.intent.category.LAUNCHER" />
65-->src\main\AndroidManifest.xml:45:17-76
65-->src\main\AndroidManifest.xml:45:27-74
66            </intent-filter>
67        </activity>
68        <activity
68-->src\main\AndroidManifest.xml:49:9-52:20
69            android:name="com.google.mlkit.vision.demo.java.ChooserActivity"
69-->src\main\AndroidManifest.xml:50:13-49
70            android:exported="false" >
70-->src\main\AndroidManifest.xml:51:13-37
71        </activity>
72        <activity
72-->src\main\AndroidManifest.xml:54:9-58:20
73            android:name="com.google.mlkit.vision.demo.java.LivePreviewActivity"
73-->src\main\AndroidManifest.xml:55:13-53
74            android:exported="false"
74-->src\main\AndroidManifest.xml:56:13-37
75            android:theme="@style/AppTheme" >
75-->src\main\AndroidManifest.xml:57:13-44
76        </activity>
77        <activity
77-->src\main\AndroidManifest.xml:60:9-64:20
78            android:name="com.google.mlkit.vision.demo.java.CameraXLivePreviewActivity"
78-->src\main\AndroidManifest.xml:61:13-60
79            android:exported="false"
79-->src\main\AndroidManifest.xml:62:13-37
80            android:theme="@style/AppTheme" >
80-->src\main\AndroidManifest.xml:63:13-44
81        </activity>
82        <activity
82-->src\main\AndroidManifest.xml:66:9-70:20
83            android:name="com.google.mlkit.vision.demo.java.CameraXSourceDemoActivity"
83-->src\main\AndroidManifest.xml:67:13-59
84            android:exported="false"
84-->src\main\AndroidManifest.xml:68:13-37
85            android:theme="@style/AppTheme" >
85-->src\main\AndroidManifest.xml:69:13-44
86        </activity>
87        <activity
87-->src\main\AndroidManifest.xml:72:9-76:20
88            android:name="com.google.mlkit.vision.demo.java.StillImageActivity"
88-->src\main\AndroidManifest.xml:73:13-52
89            android:exported="false"
89-->src\main\AndroidManifest.xml:74:13-37
90            android:theme="@style/AppTheme" >
90-->src\main\AndroidManifest.xml:75:13-44
91        </activity>
92        <activity
92-->src\main\AndroidManifest.xml:78:9-81:20
93            android:name="com.google.mlkit.vision.demo.kotlin.ChooserActivity"
93-->src\main\AndroidManifest.xml:79:13-51
94            android:exported="false" >
94-->src\main\AndroidManifest.xml:80:13-37
95        </activity>
96        <activity
96-->src\main\AndroidManifest.xml:83:9-87:20
97            android:name="com.google.mlkit.vision.demo.kotlin.LivePreviewActivity"
97-->src\main\AndroidManifest.xml:84:13-55
98            android:exported="false"
98-->src\main\AndroidManifest.xml:85:13-37
99            android:theme="@style/AppTheme" >
99-->src\main\AndroidManifest.xml:86:13-44
100        </activity>
101        <activity
101-->src\main\AndroidManifest.xml:89:9-93:20
102            android:name="com.google.mlkit.vision.demo.kotlin.CameraXLivePreviewActivity"
102-->src\main\AndroidManifest.xml:90:13-62
103            android:exported="false"
103-->src\main\AndroidManifest.xml:91:13-37
104            android:theme="@style/AppTheme" >
104-->src\main\AndroidManifest.xml:92:13-44
105        </activity>
106        <activity
106-->src\main\AndroidManifest.xml:95:9-99:20
107            android:name="com.google.mlkit.vision.demo.kotlin.CameraXSourceDemoActivity"
107-->src\main\AndroidManifest.xml:96:13-61
108            android:exported="false"
108-->src\main\AndroidManifest.xml:97:13-37
109            android:theme="@style/AppTheme" >
109-->src\main\AndroidManifest.xml:98:13-44
110        </activity>
111        <activity
111-->src\main\AndroidManifest.xml:101:9-105:20
112            android:name="com.google.mlkit.vision.demo.kotlin.StillImageActivity"
112-->src\main\AndroidManifest.xml:102:13-54
113            android:exported="false"
113-->src\main\AndroidManifest.xml:103:13-37
114            android:theme="@style/AppTheme" >
114-->src\main\AndroidManifest.xml:104:13-44
115        </activity>
116        <activity
116-->src\main\AndroidManifest.xml:107:9-109:39
117            android:name="com.google.mlkit.vision.demo.preference.SettingsActivity"
117-->src\main\AndroidManifest.xml:108:13-56
118            android:exported="false" />
118-->src\main\AndroidManifest.xml:109:13-37
119
120        <!--
121             Required for ML Kit Pose Detection GPU acceleration. Applications that target Android
122             S+ require explicit declaration of any referenced vendor-provided libraries.
123        -->
124        <uses-native-library
124-->[com.google.mlkit:pose-detection-common:18.0.0-beta3] AndroidManifest.xml:16:9-18:40
125            android:name="libOpenCL.so"
125-->[com.google.mlkit:pose-detection-common:18.0.0-beta3] AndroidManifest.xml:17:13-40
126            android:required="false" />
126-->[com.google.mlkit:pose-detection-common:18.0.0-beta3] AndroidManifest.xml:18:13-37
127        <uses-native-library
127-->[com.google.mlkit:pose-detection-common:18.0.0-beta3] AndroidManifest.xml:16:9-18:40
128            android:name="libOpenCL-car.so"
128-->[com.google.mlkit:pose-detection-common:18.0.0-beta3] AndroidManifest.xml:17:13-40
129            android:required="false" />
129-->[com.google.mlkit:pose-detection-common:18.0.0-beta3] AndroidManifest.xml:18:13-37
130        <uses-native-library
130-->[com.google.mlkit:pose-detection-common:18.0.0-beta3] AndroidManifest.xml:16:9-18:40
131            android:name="libOpenCL-pixel.so"
131-->[com.google.mlkit:pose-detection-common:18.0.0-beta3] AndroidManifest.xml:17:13-40
132            android:required="false" />
132-->[com.google.mlkit:pose-detection-common:18.0.0-beta3] AndroidManifest.xml:18:13-37
133
134        <service
134-->[com.google.mlkit:pose-detection-common:18.0.0-beta3] AndroidManifest.xml:26:9-32:19
135            android:name="com.google.mlkit.common.internal.MlKitComponentDiscoveryService"
135-->[com.google.mlkit:pose-detection-common:18.0.0-beta3] AndroidManifest.xml:27:13-91
136            android:directBootAware="true"
136-->[com.google.mlkit:common:18.9.0] AndroidManifest.xml:17:13-43
137            android:exported="false" >
137-->[com.google.mlkit:pose-detection-common:18.0.0-beta3] AndroidManifest.xml:28:13-37
138            <meta-data
138-->[com.google.mlkit:pose-detection-common:18.0.0-beta3] AndroidManifest.xml:29:13-31:85
139                android:name="com.google.firebase.components:com.google.mlkit.vision.pose.internal.PoseRegistrar"
139-->[com.google.mlkit:pose-detection-common:18.0.0-beta3] AndroidManifest.xml:30:17-114
140                android:value="com.google.firebase.components.ComponentRegistrar" />
140-->[com.google.mlkit:pose-detection-common:18.0.0-beta3] AndroidManifest.xml:31:17-82
141            <meta-data
141-->[com.google.mlkit:object-detection:17.0.0] AndroidManifest.xml:14:13-16:85
142                android:name="com.google.firebase.components:com.google.mlkit.vision.objects.defaults.internal.DefaultObjectsRegistrar"
142-->[com.google.mlkit:object-detection:17.0.0] AndroidManifest.xml:15:17-136
143                android:value="com.google.firebase.components.ComponentRegistrar" />
143-->[com.google.mlkit:object-detection:17.0.0] AndroidManifest.xml:16:17-82
144            <meta-data
144-->[com.google.mlkit:object-detection-custom:17.0.0] AndroidManifest.xml:11:13-13:85
145                android:name="com.google.firebase.components:com.google.mlkit.vision.objects.custom.internal.CustomObjectsRegistrar"
145-->[com.google.mlkit:object-detection-custom:17.0.0] AndroidManifest.xml:12:17-133
146                android:value="com.google.firebase.components.ComponentRegistrar" />
146-->[com.google.mlkit:object-detection-custom:17.0.0] AndroidManifest.xml:13:17-82
147            <meta-data
147-->[com.google.mlkit:image-labeling:17.0.7] AndroidManifest.xml:11:13-13:85
148                android:name="com.google.firebase.components:com.google.mlkit.vision.label.defaults.internal.BundledLabelRegistrar"
148-->[com.google.mlkit:image-labeling:17.0.7] AndroidManifest.xml:12:17-132
149                android:value="com.google.firebase.components.ComponentRegistrar" />
149-->[com.google.mlkit:image-labeling:17.0.7] AndroidManifest.xml:13:17-82
150            <meta-data
150-->[com.google.mlkit:image-labeling-custom:17.0.1] AndroidManifest.xml:11:13-13:85
151                android:name="com.google.firebase.components:com.google.mlkit.vision.label.custom.internal.CustomLabelRegistrar"
151-->[com.google.mlkit:image-labeling-custom:17.0.1] AndroidManifest.xml:12:17-129
152                android:value="com.google.firebase.components.ComponentRegistrar" />
152-->[com.google.mlkit:image-labeling-custom:17.0.1] AndroidManifest.xml:13:17-82
153            <meta-data
153-->[com.google.mlkit:segmentation-selfie:16.0.0-beta4] AndroidManifest.xml:12:13-14:85
154                android:name="com.google.firebase.components:com.google.mlkit.vision.segmentation.internal.SegmentationRegistrar"
154-->[com.google.mlkit:segmentation-selfie:16.0.0-beta4] AndroidManifest.xml:13:17-130
155                android:value="com.google.firebase.components.ComponentRegistrar" />
155-->[com.google.mlkit:segmentation-selfie:16.0.0-beta4] AndroidManifest.xml:14:17-82
156            <meta-data
156-->[com.google.mlkit:face-mesh-detection:16.0.0-beta1] AndroidManifest.xml:11:13-13:85
157                android:name="com.google.firebase.components:com.google.mlkit.vision.facemesh.internal.FaceMeshRegistrar"
157-->[com.google.mlkit:face-mesh-detection:16.0.0-beta1] AndroidManifest.xml:12:17-122
158                android:value="com.google.firebase.components.ComponentRegistrar" />
158-->[com.google.mlkit:face-mesh-detection:16.0.0-beta1] AndroidManifest.xml:13:17-82
159            <meta-data
159-->[com.google.android.gms:play-services-mlkit-barcode-scanning:18.3.0] AndroidManifest.xml:12:13-14:85
160                android:name="com.google.firebase.components:com.google.mlkit.vision.barcode.internal.BarcodeRegistrar"
160-->[com.google.android.gms:play-services-mlkit-barcode-scanning:18.3.0] AndroidManifest.xml:13:17-120
161                android:value="com.google.firebase.components.ComponentRegistrar" />
161-->[com.google.android.gms:play-services-mlkit-barcode-scanning:18.3.0] AndroidManifest.xml:14:17-82
162            <meta-data
162-->[com.google.mlkit:vision-internal-vkp:18.2.2] AndroidManifest.xml:14:13-16:85
163                android:name="com.google.firebase.components:com.google.mlkit.vision.vkp.VkpRegistrar"
163-->[com.google.mlkit:vision-internal-vkp:18.2.2] AndroidManifest.xml:15:17-103
164                android:value="com.google.firebase.components.ComponentRegistrar" />
164-->[com.google.mlkit:vision-internal-vkp:18.2.2] AndroidManifest.xml:16:17-82
165            <meta-data
165-->[com.google.android.gms:play-services-mlkit-face-detection:17.0.1] AndroidManifest.xml:12:13-14:85
166                android:name="com.google.firebase.components:com.google.mlkit.vision.face.internal.FaceRegistrar"
166-->[com.google.android.gms:play-services-mlkit-face-detection:17.0.1] AndroidManifest.xml:13:17-114
167                android:value="com.google.firebase.components.ComponentRegistrar" />
167-->[com.google.android.gms:play-services-mlkit-face-detection:17.0.1] AndroidManifest.xml:14:17-82
168            <meta-data
168-->[com.google.android.gms:play-services-mlkit-text-recognition-common:19.0.0] AndroidManifest.xml:12:13-14:85
169                android:name="com.google.firebase.components:com.google.mlkit.vision.text.internal.TextRegistrar"
169-->[com.google.android.gms:play-services-mlkit-text-recognition-common:19.0.0] AndroidManifest.xml:13:17-114
170                android:value="com.google.firebase.components.ComponentRegistrar" />
170-->[com.google.android.gms:play-services-mlkit-text-recognition-common:19.0.0] AndroidManifest.xml:14:17-82
171            <meta-data
171-->[com.google.mlkit:vision-common:17.3.0] AndroidManifest.xml:12:13-14:85
172                android:name="com.google.firebase.components:com.google.mlkit.vision.common.internal.VisionCommonRegistrar"
172-->[com.google.mlkit:vision-common:17.3.0] AndroidManifest.xml:13:17-124
173                android:value="com.google.firebase.components.ComponentRegistrar" />
173-->[com.google.mlkit:vision-common:17.3.0] AndroidManifest.xml:14:17-82
174            <meta-data
174-->[com.google.mlkit:common:18.9.0] AndroidManifest.xml:20:13-22:85
175                android:name="com.google.firebase.components:com.google.mlkit.common.internal.CommonComponentRegistrar"
175-->[com.google.mlkit:common:18.9.0] AndroidManifest.xml:21:17-120
176                android:value="com.google.firebase.components.ComponentRegistrar" />
176-->[com.google.mlkit:common:18.9.0] AndroidManifest.xml:22:17-82
177        </service>
178        <service
178-->[com.google.mlkit:acceleration:16.0.0-beta1] AndroidManifest.xml:8:9-11:68
179            android:name="com.google.mlkit.acceleration.internal.MlKitRemoteWorkerService"
179-->[com.google.mlkit:acceleration:16.0.0-beta1] AndroidManifest.xml:9:13-91
180            android:exported="false"
180-->[com.google.mlkit:acceleration:16.0.0-beta1] AndroidManifest.xml:10:13-37
181            android:process=":mlkit_acceleration_mini_benchmark" />
181-->[com.google.mlkit:acceleration:16.0.0-beta1] AndroidManifest.xml:11:13-65
182        <service
182-->[androidx.work:work-multiprocess:2.7.0] AndroidManifest.xml:25:9-27:40
183            android:name="androidx.work.multiprocess.RemoteWorkManagerService"
183-->[androidx.work:work-multiprocess:2.7.0] AndroidManifest.xml:26:13-79
184            android:exported="false" />
184-->[androidx.work:work-multiprocess:2.7.0] AndroidManifest.xml:27:13-37
185
186        <provider
186-->[com.google.mlkit:common:18.9.0] AndroidManifest.xml:9:9-13:38
187            android:name="com.google.mlkit.common.internal.MlKitInitProvider"
187-->[com.google.mlkit:common:18.9.0] AndroidManifest.xml:10:13-78
188            android:authorities="com.google.mlkit.vision.demo.mlkitinitprovider"
188-->[com.google.mlkit:common:18.9.0] AndroidManifest.xml:11:13-69
189            android:exported="false"
189-->[com.google.mlkit:common:18.9.0] AndroidManifest.xml:12:13-37
190            android:initOrder="99" />
190-->[com.google.mlkit:common:18.9.0] AndroidManifest.xml:13:13-35
191
192        <activity
192-->[com.google.android.gms:play-services-base:18.1.0] AndroidManifest.xml:20:9-22:45
193            android:name="com.google.android.gms.common.api.GoogleApiActivity"
193-->[com.google.android.gms:play-services-base:18.1.0] AndroidManifest.xml:20:19-85
194            android:exported="false"
194-->[com.google.android.gms:play-services-base:18.1.0] AndroidManifest.xml:22:19-43
195            android:theme="@android:style/Theme.Translucent.NoTitleBar" />
195-->[com.google.android.gms:play-services-base:18.1.0] AndroidManifest.xml:21:19-78
196
197        <provider
197-->[androidx.work:work-runtime:2.7.0] AndroidManifest.xml:31:9-39:20
198            android:name="androidx.startup.InitializationProvider"
198-->[androidx.work:work-runtime:2.7.0] AndroidManifest.xml:32:13-67
199            android:authorities="com.google.mlkit.vision.demo.androidx-startup"
199-->[androidx.work:work-runtime:2.7.0] AndroidManifest.xml:33:13-68
200            android:exported="false" >
200-->[androidx.work:work-runtime:2.7.0] AndroidManifest.xml:34:13-37
201            <meta-data
201-->[androidx.work:work-runtime:2.7.0] AndroidManifest.xml:36:13-38:52
202                android:name="androidx.work.WorkManagerInitializer"
202-->[androidx.work:work-runtime:2.7.0] AndroidManifest.xml:37:17-68
203                android:value="androidx.startup" />
203-->[androidx.work:work-runtime:2.7.0] AndroidManifest.xml:38:17-49
204        </provider>
205
206        <service
206-->[androidx.work:work-runtime:2.7.0] AndroidManifest.xml:41:9-46:35
207            android:name="androidx.work.impl.background.systemalarm.SystemAlarmService"
207-->[androidx.work:work-runtime:2.7.0] AndroidManifest.xml:42:13-88
208            android:directBootAware="false"
208-->[androidx.work:work-runtime:2.7.0] AndroidManifest.xml:43:13-44
209            android:enabled="@bool/enable_system_alarm_service_default"
209-->[androidx.work:work-runtime:2.7.0] AndroidManifest.xml:44:13-72
210            android:exported="false" />
210-->[androidx.work:work-runtime:2.7.0] AndroidManifest.xml:45:13-37
211        <service
211-->[androidx.work:work-runtime:2.7.0] AndroidManifest.xml:47:9-53:35
212            android:name="androidx.work.impl.background.systemjob.SystemJobService"
212-->[androidx.work:work-runtime:2.7.0] AndroidManifest.xml:48:13-84
213            android:directBootAware="false"
213-->[androidx.work:work-runtime:2.7.0] AndroidManifest.xml:49:13-44
214            android:enabled="@bool/enable_system_job_service_default"
214-->[androidx.work:work-runtime:2.7.0] AndroidManifest.xml:50:13-70
215            android:exported="true"
215-->[androidx.work:work-runtime:2.7.0] AndroidManifest.xml:51:13-36
216            android:permission="android.permission.BIND_JOB_SERVICE" />
216-->[androidx.work:work-runtime:2.7.0] AndroidManifest.xml:52:13-69
217        <service
217-->[androidx.work:work-runtime:2.7.0] AndroidManifest.xml:54:9-59:35
218            android:name="androidx.work.impl.foreground.SystemForegroundService"
218-->[androidx.work:work-runtime:2.7.0] AndroidManifest.xml:55:13-81
219            android:directBootAware="false"
219-->[androidx.work:work-runtime:2.7.0] AndroidManifest.xml:56:13-44
220            android:enabled="@bool/enable_system_foreground_service_default"
220-->[androidx.work:work-runtime:2.7.0] AndroidManifest.xml:57:13-77
221            android:exported="false" />
221-->[androidx.work:work-runtime:2.7.0] AndroidManifest.xml:58:13-37
222
223        <receiver
223-->[androidx.work:work-runtime:2.7.0] AndroidManifest.xml:61:9-66:35
224            android:name="androidx.work.impl.utils.ForceStopRunnable$BroadcastReceiver"
224-->[androidx.work:work-runtime:2.7.0] AndroidManifest.xml:62:13-88
225            android:directBootAware="false"
225-->[androidx.work:work-runtime:2.7.0] AndroidManifest.xml:63:13-44
226            android:enabled="true"
226-->[androidx.work:work-runtime:2.7.0] AndroidManifest.xml:64:13-35
227            android:exported="false" />
227-->[androidx.work:work-runtime:2.7.0] AndroidManifest.xml:65:13-37
228        <receiver
228-->[androidx.work:work-runtime:2.7.0] AndroidManifest.xml:67:9-77:20
229            android:name="androidx.work.impl.background.systemalarm.ConstraintProxy$BatteryChargingProxy"
229-->[androidx.work:work-runtime:2.7.0] AndroidManifest.xml:68:13-106
230            android:directBootAware="false"
230-->[androidx.work:work-runtime:2.7.0] AndroidManifest.xml:69:13-44
231            android:enabled="false"
231-->[androidx.work:work-runtime:2.7.0] AndroidManifest.xml:70:13-36
232            android:exported="false" >
232-->[androidx.work:work-runtime:2.7.0] AndroidManifest.xml:71:13-37
233            <intent-filter>
233-->[androidx.work:work-runtime:2.7.0] AndroidManifest.xml:73:13-76:29
234                <action android:name="android.intent.action.ACTION_POWER_CONNECTED" />
234-->[androidx.work:work-runtime:2.7.0] AndroidManifest.xml:74:17-87
234-->[androidx.work:work-runtime:2.7.0] AndroidManifest.xml:74:25-84
235                <action android:name="android.intent.action.ACTION_POWER_DISCONNECTED" />
235-->[androidx.work:work-runtime:2.7.0] AndroidManifest.xml:75:17-90
235-->[androidx.work:work-runtime:2.7.0] AndroidManifest.xml:75:25-87
236            </intent-filter>
237        </receiver>
238        <receiver
238-->[androidx.work:work-runtime:2.7.0] AndroidManifest.xml:78:9-88:20
239            android:name="androidx.work.impl.background.systemalarm.ConstraintProxy$BatteryNotLowProxy"
239-->[androidx.work:work-runtime:2.7.0] AndroidManifest.xml:79:13-104
240            android:directBootAware="false"
240-->[androidx.work:work-runtime:2.7.0] AndroidManifest.xml:80:13-44
241            android:enabled="false"
241-->[androidx.work:work-runtime:2.7.0] AndroidManifest.xml:81:13-36
242            android:exported="false" >
242-->[androidx.work:work-runtime:2.7.0] AndroidManifest.xml:82:13-37
243            <intent-filter>
243-->[androidx.work:work-runtime:2.7.0] AndroidManifest.xml:84:13-87:29
244                <action android:name="android.intent.action.BATTERY_OKAY" />
244-->[androidx.work:work-runtime:2.7.0] AndroidManifest.xml:85:17-77
244-->[androidx.work:work-runtime:2.7.0] AndroidManifest.xml:85:25-74
245                <action android:name="android.intent.action.BATTERY_LOW" />
245-->[androidx.work:work-runtime:2.7.0] AndroidManifest.xml:86:17-76
245-->[androidx.work:work-runtime:2.7.0] AndroidManifest.xml:86:25-73
246            </intent-filter>
247        </receiver>
248        <receiver
248-->[androidx.work:work-runtime:2.7.0] AndroidManifest.xml:89:9-99:20
249            android:name="androidx.work.impl.background.systemalarm.ConstraintProxy$StorageNotLowProxy"
249-->[androidx.work:work-runtime:2.7.0] AndroidManifest.xml:90:13-104
250            android:directBootAware="false"
250-->[androidx.work:work-runtime:2.7.0] AndroidManifest.xml:91:13-44
251            android:enabled="false"
251-->[androidx.work:work-runtime:2.7.0] AndroidManifest.xml:92:13-36
252            android:exported="false" >
252-->[androidx.work:work-runtime:2.7.0] AndroidManifest.xml:93:13-37
253            <intent-filter>
253-->[androidx.work:work-runtime:2.7.0] AndroidManifest.xml:95:13-98:29
254                <action android:name="android.intent.action.DEVICE_STORAGE_LOW" />
254-->[androidx.work:work-runtime:2.7.0] AndroidManifest.xml:96:17-83
254-->[androidx.work:work-runtime:2.7.0] AndroidManifest.xml:96:25-80
255                <action android:name="android.intent.action.DEVICE_STORAGE_OK" />
255-->[androidx.work:work-runtime:2.7.0] AndroidManifest.xml:97:17-82
255-->[androidx.work:work-runtime:2.7.0] AndroidManifest.xml:97:25-79
256            </intent-filter>
257        </receiver>
258        <receiver
258-->[androidx.work:work-runtime:2.7.0] AndroidManifest.xml:100:9-109:20
259            android:name="androidx.work.impl.background.systemalarm.ConstraintProxy$NetworkStateProxy"
259-->[androidx.work:work-runtime:2.7.0] AndroidManifest.xml:101:13-103
260            android:directBootAware="false"
260-->[androidx.work:work-runtime:2.7.0] AndroidManifest.xml:102:13-44
261            android:enabled="false"
261-->[androidx.work:work-runtime:2.7.0] AndroidManifest.xml:103:13-36
262            android:exported="false" >
262-->[androidx.work:work-runtime:2.7.0] AndroidManifest.xml:104:13-37
263            <intent-filter>
263-->[androidx.work:work-runtime:2.7.0] AndroidManifest.xml:106:13-108:29
264                <action android:name="android.net.conn.CONNECTIVITY_CHANGE" />
264-->[androidx.work:work-runtime:2.7.0] AndroidManifest.xml:107:17-79
264-->[androidx.work:work-runtime:2.7.0] AndroidManifest.xml:107:25-76
265            </intent-filter>
266        </receiver>
267        <receiver
267-->[androidx.work:work-runtime:2.7.0] AndroidManifest.xml:110:9-121:20
268            android:name="androidx.work.impl.background.systemalarm.RescheduleReceiver"
268-->[androidx.work:work-runtime:2.7.0] AndroidManifest.xml:111:13-88
269            android:directBootAware="false"
269-->[androidx.work:work-runtime:2.7.0] AndroidManifest.xml:112:13-44
270            android:enabled="false"
270-->[androidx.work:work-runtime:2.7.0] AndroidManifest.xml:113:13-36
271            android:exported="false" >
271-->[androidx.work:work-runtime:2.7.0] AndroidManifest.xml:114:13-37
272            <intent-filter>
272-->[androidx.work:work-runtime:2.7.0] AndroidManifest.xml:116:13-120:29
273                <action android:name="android.intent.action.BOOT_COMPLETED" />
273-->[androidx.work:work-runtime:2.7.0] AndroidManifest.xml:117:17-79
273-->[androidx.work:work-runtime:2.7.0] AndroidManifest.xml:117:25-76
274                <action android:name="android.intent.action.TIME_SET" />
274-->[androidx.work:work-runtime:2.7.0] AndroidManifest.xml:118:17-73
274-->[androidx.work:work-runtime:2.7.0] AndroidManifest.xml:118:25-70
275                <action android:name="android.intent.action.TIMEZONE_CHANGED" />
275-->[androidx.work:work-runtime:2.7.0] AndroidManifest.xml:119:17-81
275-->[androidx.work:work-runtime:2.7.0] AndroidManifest.xml:119:25-78
276            </intent-filter>
277        </receiver>
278        <receiver
278-->[androidx.work:work-runtime:2.7.0] AndroidManifest.xml:122:9-131:20
279            android:name="androidx.work.impl.background.systemalarm.ConstraintProxyUpdateReceiver"
279-->[androidx.work:work-runtime:2.7.0] AndroidManifest.xml:123:13-99
280            android:directBootAware="false"
280-->[androidx.work:work-runtime:2.7.0] AndroidManifest.xml:124:13-44
281            android:enabled="@bool/enable_system_alarm_service_default"
281-->[androidx.work:work-runtime:2.7.0] AndroidManifest.xml:125:13-72
282            android:exported="false" >
282-->[androidx.work:work-runtime:2.7.0] AndroidManifest.xml:126:13-37
283            <intent-filter>